::1 - - [06/Feb/2019:21:29:24 +0000] "GET /home HTTP/1.1" 304 - "-" "Mozilla/5.0 (Macintosh; Intel Mac OS X 10_14_2) AppleWebKit/537.36 (KHTML, like Gecko) Chrome/71.0.3578.98 Safari/537.36"
::1 - - [07/Feb/2019:15:34:38 +0000] "GET /home HTTP/1.1" 304 - "-" "Mozilla/5.0 (Macintosh; Intel Mac OS X 10_14_2) AppleWebKit/537.36 (KHTML, like Gecko) Chrome/71.0.3578.98 Safari/537.36"
::1 - - [07/Feb/2019:15:34:41 +0000] "GET /login HTTP/1.1" 200 472 "http://localhost:3000/home" "Mozilla/5.0 (Macintosh; Intel Mac OS X 10_14_2) AppleWebKit/537.36 (KHTML, like Gecko) Chrome/71.0.3578.98 Safari/537.36"
::1 - - [07/Feb/2019:15:34:48 +0000] "POST /login HTTP/1.1" 302 68 "http://localhost:3000/login" "Mozilla/5.0 (Macintosh; Intel Mac OS X 10_14_2) AppleWebKit/537.36 (KHTML, like Gecko) Chrome/71.0.3578.98 Safari/537.36"
::1 - - [07/Feb/2019:15:34:48 +0000] "GET /user_account HTTP/1.1" 304 - "http://localhost:3000/login" "Mozilla/5.0 (Macintosh; Intel Mac OS X 10_14_2) AppleWebKit/537.36 (KHTML, like Gecko) Chrome/71.0.3578.98 Safari/537.36"
::1 - - [07/Feb/2019:15:34:50 +0000] "GET /home HTTP/1.1" 304 - "http://localhost:3000/user_account" "Mozilla/5.0 (Macintosh; Intel Mac OS X 10_14_2) AppleWebKit/537.36 (KHTML, like Gecko) Chrome/71.0.3578.98 Safari/537.36"
::1 - - [07/Feb/2019:15:34:51 +0000] "GET /login HTTP/1.1" 200 516 "http://localhost:3000/home" "Mozilla/5.0 (Macintosh; Intel Mac OS X 10_14_2) AppleWebKit/537.36 (KHTML, like Gecko) Chrome/71.0.3578.98 Safari/537.36"
::1 - - [07/Feb/2019:15:34:53 +0000] "GET /user_account/logout HTTP/1.1" 302 54 "http://localhost:3000/login" "Mozilla/5.0 (Macintosh; Intel Mac OS X 10_14_2) AppleWebKit/537.36 (KHTML, like Gecko) Chrome/71.0.3578.98 Safari/537.36"
::1 - - [07/Feb/2019:15:34:53 +0000] "GET /home HTTP/1.1" 304 - "http://localhost:3000/login" "Mozilla/5.0 (Macintosh; Intel Mac OS X 10_14_2) AppleWebKit/537.36 (KHTML, like Gecko) Chrome/71.0.3578.98 Safari/537.36"
::1 - - [07/Feb/2019:19:00:54 +0000] "GET / HTTP/1.1" 302 54 "-" "Mozilla/5.0 (Macintosh; Intel Mac OS X 10_14_2) AppleWebKit/537.36 (KHTML, like Gecko) Chrome/71.0.3578.98 Safari/537.36"
::1 - - [07/Feb/2019:19:00:54 +0000] "GET /home HTTP/1.1" 200 480 "-" "Mozilla/5.0 (Macintosh; Intel Mac OS X 10_14_2) AppleWebKit/537.36 (KHTML, like Gecko) Chrome/71.0.3578.98 Safari/537.36"
::1 - - [07/Feb/2019:19:00:55 +0000] "GET / HTTP/1.1" 302 54 "-" "Mozilla/5.0 (Macintosh; Intel Mac OS X 10_14_2) AppleWebKit/537.36 (KHTML, like Gecko) Chrome/71.0.3578.98 Safari/537.36"
::1 - - [07/Feb/2019:19:00:55 +0000] "GET /home HTTP/1.1" 304 - "-" "Mozilla/5.0 (Macintosh; Intel Mac OS X 10_14_2) AppleWebKit/537.36 (KHTML, like Gecko) Chrome/71.0.3578.98 Safari/537.36"
::1 - - [07/Feb/2019:19:00:57 +0000] "GET /product_catalog HTTP/1.1" 304 - "http://localhost:3000/home" "Mozilla/5.0 (Macintosh; Intel Mac OS X 10_14_2) AppleWebKit/537.36 (KHTML, like Gecko) Chrome/71.0.3578.98 Safari/537.36"
::1 - - [07/Feb/2019:19:01:02 +0000] "GET /product_catalog HTTP/1.1" 304 - "http://localhost:3000/home" "Mozilla/5.0 (Macintosh; Intel Mac OS X 10_14_2) AppleWebKit/537.36 (KHTML, like Gecko) Chrome/71.0.3578.98 Safari/537.36"
::1 - - [07/Feb/2019:19:01:07 +0000] "POST /product_catalog HTTP/1.1" - - "http://localhost:3000/product_catalog" "Mozilla/5.0 (Macintosh; Intel Mac OS X 10_14_2) AppleWebKit/537.36 (KHTML, like Gecko) Chrome/71.0.3578.98 Safari/537.36"
::1 - - [07/Feb/2019:19:01:26 +0000] "GET /user_account/logout HTTP/1.1" 302 54 "http://localhost:3000/home" "Mozilla/5.0 (Macintosh; Intel Mac OS X 10_14_2) AppleWebKit/537.36 (KHTML, like Gecko) Chrome/71.0.3578.98 Safari/537.36"
::1 - - [07/Feb/2019:19:01:26 +0000] "GET /home HTTP/1.1" 304 - "http://localhost:3000/home" "Mozilla/5.0 (Macintosh; Intel Mac OS X 10_14_2) AppleWebKit/537.36 (KHTML, like Gecko) Chrome/71.0.3578.98 Safari/537.36"
::1 - - [07/Feb/2019:19:01:27 +0000] "GET /user_account/logout HTTP/1.1" 302 54 "http://localhost:3000/home" "Mozilla/5.0 (Macintosh; Intel Mac OS X 10_14_2) AppleWebKit/537.36 (KHTML, like Gecko) Chrome/71.0.3578.98 Safari/537.36"
::1 - - [07/Feb/2019:19:01:27 +0000] "GET /home HTTP/1.1" 304 - "http://localhost:3000/home" "Mozilla/5.0 (Macintosh; Intel Mac OS X 10_14_2) AppleWebKit/537.36 (KHTML, like Gecko) Chrome/71.0.3578.98 Safari/537.36"
::1 - - [07/Feb/2019:19:01:28 +0000] "GET /user_account/logout HTTP/1.1" 302 54 "http://localhost:3000/home" "Mozilla/5.0 (Macintosh; Intel Mac OS X 10_14_2) AppleWebKit/537.36 (KHTML, like Gecko) Chrome/71.0.3578.98 Safari/537.36"
::1 - - [07/Feb/2019:19:01:28 +0000] "GET /home HTTP/1.1" 304 - "http://localhost:3000/home" "Mozilla/5.0 (Macintosh; Intel Mac OS X 10_14_2) AppleWebKit/537.36 (KHTML, like Gecko) Chrome/71.0.3578.98 Safari/537.36"
::1 - - [07/Feb/2019:19:01:28 +0000] "GET /user_account/logout HTTP/1.1" 302 54 "http://localhost:3000/home" "Mozilla/5.0 (Macintosh; Intel Mac OS X 10_14_2) AppleWebKit/537.36 (KHTML, like Gecko) Chrome/71.0.3578.98 Safari/537.36"
::1 - - [07/Feb/2019:19:01:28 +0000] "GET /home HTTP/1.1" 304 - "http://localhost:3000/home" "Mozilla/5.0 (Macintosh; Intel Mac OS X 10_14_2) AppleWebKit/537.36 (KHTML, like Gecko) Chrome/71.0.3578.98 Safari/537.36"
::1 - - [07/Feb/2019:19:01:28 +0000] "GET /user_account/logout HTTP/1.1" 302 54 "http://localhost:3000/home" "Mozilla/5.0 (Macintosh; Intel Mac OS X 10_14_2) AppleWebKit/537.36 (KHTML, like Gecko) Chrome/71.0.3578.98 Safari/537.36"
::1 - - [07/Feb/2019:19:01:28 +0000] "GET /home HTTP/1.1" 304 - "http://localhost:3000/home" "Mozilla/5.0 (Macintosh; Intel Mac OS X 10_14_2) AppleWebKit/537.36 (KHTML, like Gecko) Chrome/71.0.3578.98 Safari/537.36"
::1 - - [07/Feb/2019:19:01:28 +0000] "GET /user_account/logout HTTP/1.1" 302 54 "http://localhost:3000/home" "Mozilla/5.0 (Macintosh; Intel Mac OS X 10_14_2) AppleWebKit/537.36 (KHTML, like Gecko) Chrome/71.0.3578.98 Safari/537.36"
::1 - - [07/Feb/2019:19:01:28 +0000] "GET /home HTTP/1.1" 304 - "http://localhost:3000/home" "Mozilla/5.0 (Macintosh; Intel Mac OS X 10_14_2) AppleWebKit/537.36 (KHTML, like Gecko) Chrome/71.0.3578.98 Safari/537.36"
::1 - - [07/Feb/2019:19:01:28 +0000] "GET /user_account/logout HTTP/1.1" 302 54 "http://localhost:3000/home" "Mozilla/5.0 (Macintosh; Intel Mac OS X 10_14_2) AppleWebKit/537.36 (KHTML, like Gecko) Chrome/71.0.3578.98 Safari/537.36"
::1 - - [07/Feb/2019:19:01:28 +0000] "GET /home HTTP/1.1" 304 - "http://localhost:3000/home" "Mozilla/5.0 (Macintosh; Intel Mac OS X 10_14_2) AppleWebKit/537.36 (KHTML, like Gecko) Chrome/71.0.3578.98 Safari/537.36"
::1 - - [07/Feb/2019:19:01:30 +0000] "GET /home HTTP/1.1" 304 - "-" "Mozilla/5.0 (Macintosh; Intel Mac OS X 10_14_2) AppleWebKit/537.36 (KHTML, like Gecko) Chrome/71.0.3578.98 Safari/537.36"
::1 - - [07/Feb/2019:19:01:32 +0000] "GET /user_account HTTP/1.1" 200 511 "http://localhost:3000/home" "Mozilla/5.0 (Macintosh; Intel Mac OS X 10_14_2) AppleWebKit/537.36 (KHTML, like Gecko) Chrome/71.0.3578.98 Safari/537.36"
::1 - - [07/Feb/2019:19:02:42 +0000] "GET /product_catalog HTTP/1.1" 304 - "http://localhost:3000/user_account" "Mozilla/5.0 (Macintosh; Intel Mac OS X 10_14_2) AppleWebKit/537.36 (KHTML, like Gecko) Chrome/71.0.3578.98 Safari/537.36"
::1 - - [07/Feb/2019:20:19:32 +0000] "GET /home HTTP/1.1" 304 - "-" "Mozilla/5.0 (Macintosh; Intel Mac OS X 10_14_2) AppleWebKit/537.36 (KHTML, like Gecko) Chrome/71.0.3578.98 Safari/537.36"
::1 - - [07/Feb/2019:20:20:02 +0000] "GET /product_catalog HTTP/1.1" 304 - "http://localhost:3000/home" "Mozilla/5.0 (Macintosh; Intel Mac OS X 10_14_2) AppleWebKit/537.36 (KHTML, like Gecko) Chrome/71.0.3578.98 Safari/537.36"
::1 - - [07/Feb/2019:20:20:22 +0000] "GET /login HTTP/1.1" 200 472 "http://localhost:3000/home" "Mozilla/5.0 (Macintosh; Intel Mac OS X 10_14_2) AppleWebKit/537.36 (KHTML, like Gecko) Chrome/71.0.3578.98 Safari/537.36"
::1 - - [07/Feb/2019:20:20:46 +0000] "POST /login HTTP/1.1" 302 68 "http://localhost:3000/login" "Mozilla/5.0 (Macintosh; Intel Mac OS X 10_14_2) AppleWebKit/537.36 (KHTML, like Gecko) Chrome/71.0.3578.98 Safari/537.36"
::1 - - [07/Feb/2019:20:20:46 +0000] "GET /user_account HTTP/1.1" 200 535 "http://localhost:3000/login" "Mozilla/5.0 (Macintosh; Intel Mac OS X 10_14_2) AppleWebKit/537.36 (KHTML, like Gecko) Chrome/71.0.3578.98 Safari/537.36"
::1 - - [07/Feb/2019:20:20:58 +0000] "GET /home HTTP/1.1" 304 - "-" "Mozilla/5.0 (Macintosh; Intel Mac OS X 10_14_2) AppleWebKit/537.36 (KHTML, like Gecko) Chrome/71.0.3578.98 Safari/537.36"
::1 - - [07/Feb/2019:20:21:08 +0000] "GET /login HTTP/1.1" 200 516 "http://localhost:3000/home" "Mozilla/5.0 (Macintosh; Intel Mac OS X 10_14_2) AppleWebKit/537.36 (KHTML, like Gecko) Chrome/71.0.3578.98 Safari/537.36"
::1 - - [07/Feb/2019:20:21:10 +0000] "GET /user_account HTTP/1.1" 304 - "http://localhost:3000/login" "Mozilla/5.0 (Macintosh; Intel Mac OS X 10_14_2) AppleWebKit/537.36 (KHTML, like Gecko) Chrome/71.0.3578.98 Safari/537.36"
::1 - - [07/Feb/2019:20:21:39 +0000] "GET /home HTTP/1.1" 304 - "http://localhost:3000/user_account" "Mozilla/5.0 (Macintosh; Intel Mac OS X 10_14_2) AppleWebKit/537.36 (KHTML, like Gecko) Chrome/71.0.3578.98 Safari/537.36"
::1 - - [07/Feb/2019:20:23:13 +0000] "GET /user_account/logout HTTP/1.1" 302 54 "http://localhost:3000/home" "Mozilla/5.0 (Macintosh; Intel Mac OS X 10_14_2) AppleWebKit/537.36 (KHTML, like Gecko) Chrome/71.0.3578.98 Safari/537.36"
::1 - - [07/Feb/2019:20:23:13 +0000] "GET /home HTTP/1.1" 304 - "http://localhost:3000/home" "Mozilla/5.0 (Macintosh; Intel Mac OS X 10_14_2) AppleWebKit/537.36 (KHTML, like Gecko) Chrome/71.0.3578.98 Safari/537.36"
::1 - - [07/Feb/2019:20:23:22 +0000] "GET /user_account HTTP/1.1" 200 511 "http://localhost:3000/home" "Mozilla/5.0 (Macintosh; Intel Mac OS X 10_14_2) AppleWebKit/537.36 (KHTML, like Gecko) Chrome/71.0.3578.98 Safari/537.36"
::1 - - [07/Feb/2019:20:23:27 +0000] "GET /new_user HTTP/1.1" 304 - "http://localhost:3000/user_account" "Mozilla/5.0 (Macintosh; Intel Mac OS X 10_14_2) AppleWebKit/537.36 (KHTML, like Gecko) Chrome/71.0.3578.98 Safari/537.36"
::1 - - [07/Feb/2019:20:23:45 +0000] "POST /new_user HTTP/1.1" 200 480 "http://localhost:3000/new_user" "Mozilla/5.0 (Macintosh; Intel Mac OS X 10_14_2) AppleWebKit/537.36 (KHTML, like Gecko) Chrome/71.0.3578.98 Safari/537.36"
::1 - - [07/Feb/2019:20:24:03 +0000] "GET /add_a_product HTTP/1.1" 304 - "http://localhost:3000/new_user" "Mozilla/5.0 (Macintosh; Intel Mac OS X 10_14_2) AppleWebKit/537.36 (KHTML, like Gecko) Chrome/71.0.3578.98 Safari/537.36"
::1 - - [07/Feb/2019:20:24:06 +0000] "GET /register_company HTTP/1.1" 200 516 "http://localhost:3000/new_user" "Mozilla/5.0 (Macintosh; Intel Mac OS X 10_14_2) AppleWebKit/537.36 (KHTML, like Gecko) Chrome/71.0.3578.98 Safari/537.36"
::1 - - [07/Feb/2019:20:24:09 +0000] "GET /home HTTP/1.1" 304 - "http://localhost:3000/register_company" "Mozilla/5.0 (Macintosh; Intel Mac OS X 10_14_2) AppleWebKit/537.36 (KHTML, like Gecko) Chrome/71.0.3578.98 Safari/537.36"
::1 - - [07/Feb/2019:20:28:33 +0000] "GET /home HTTP/1.1" 304 - "http://localhost:3000/register_company" "Mozilla/5.0 (Macintosh; Intel Mac OS X 10_14_2) AppleWebKit/537.36 (KHTML, like Gecko) Chrome/71.0.3578.98 Safari/537.36"
::1 - - [07/Feb/2019:20:28:34 +0000] "GET /user_account HTTP/1.1" 304 - "http://localhost:3000/home" "Mozilla/5.0 (Macintosh; Intel Mac OS X 10_14_2) AppleWebKit/537.36 (KHTML, like Gecko) Chrome/71.0.3578.98 Safari/537.36"
::1 - - [07/Feb/2019:20:28:36 +0000] "GET /login HTTP/1.1" 200 472 "http://localhost:3000/user_account" "Mozilla/5.0 (Macintosh; Intel Mac OS X 10_14_2) AppleWebKit/537.36 (KHTML, like Gecko) Chrome/71.0.3578.98 Safari/537.36"
::1 - - [07/Feb/2019:20:28:41 +0000] "POST /login HTTP/1.1" 302 68 "http://localhost:3000/login" "Mozilla/5.0 (Macintosh; Intel Mac OS X 10_14_2) AppleWebKit/537.36 (KHTML, like Gecko) Chrome/71.0.3578.98 Safari/537.36"
::1 - - [07/Feb/2019:20:28:41 +0000] "GET /user_account HTTP/1.1" 200 498 "http://localhost:3000/login" "Mozilla/5.0 (Macintosh; Intel Mac OS X 10_14_2) AppleWebKit/537.36 (KHTML, like Gecko) Chrome/71.0.3578.98 Safari/537.36"
::1 - - [07/Feb/2019:20:28:45 +0000] "GET /home HTTP/1.1" 304 - "http://localhost:3000/user_account" "Mozilla/5.0 (Macintosh; Intel Mac OS X 10_14_2) AppleWebKit/537.36 (KHTML, like Gecko) Chrome/71.0.3578.98 Safari/537.36"
::1 - - [07/Feb/2019:20:28:46 +0000] "GET /product_catalog HTTP/1.1" 304 - "http://localhost:3000/home" "Mozilla/5.0 (Macintosh; Intel Mac OS X 10_14_2) AppleWebKit/537.36 (KHTML, like Gecko) Chrome/71.0.3578.98 Safari/537.36"
::1 - - [07/Feb/2019:20:28:53 +0000] "POST /product_catalog HTTP/1.1" 302 70 "http://localhost:3000/product_catalog" "Mozilla/5.0 (Macintosh; Intel Mac OS X 10_14_2) AppleWebKit/537.36 (KHTML, like Gecko) Chrome/71.0.3578.98 Safari/537.36"
::1 - - [07/Feb/2019:20:28:53 +0000] "GET /user_account HTTP/1.1" 200 826 "http://localhost:3000/product_catalog" "Mozilla/5.0 (Macintosh; Intel Mac OS X 10_14_2) AppleWebKit/537.36 (KHTML, like Gecko) Chrome/71.0.3578.98 Safari/537.36"
::1 - - [07/Feb/2019:20:28:59 +0000] "GET /home HTTP/1.1" 304 - "http://localhost:3000/user_account" "Mozilla/5.0 (Macintosh; Intel Mac OS X 10_14_2) AppleWebKit/537.36 (KHTML, like Gecko) Chrome/71.0.3578.98 Safari/537.36"
::1 - - [07/Feb/2019:20:29:00 +0000] "GET /product_catalog HTTP/1.1" 200 2026 "http://localhost:3000/home" "Mozilla/5.0 (Macintosh; Intel Mac OS X 10_14_2) AppleWebKit/537.36 (KHTML, like Gecko) Chrome/71.0.3578.98 Safari/537.36"
::1 - - [07/Feb/2019:20:29:03 +0000] "POST /product_catalog HTTP/1.1" 302 70 "http://localhost:3000/product_catalog" "Mozilla/5.0 (Macintosh; Intel Mac OS X 10_14_2) AppleWebKit/537.36 (KHTML, like Gecko) Chrome/71.0.3578.98 Safari/537.36"
::1 - - [07/Feb/2019:20:29:03 +0000] "GET /user_account HTTP/1.1" 200 1110 "http://localhost:3000/product_catalog" "Mozilla/5.0 (Macintosh; Intel Mac OS X 10_14_2) AppleWebKit/537.36 (KHTML, like Gecko) Chrome/71.0.3578.98 Safari/537.36"
::1 - - [07/Feb/2019:20:29:09 +0000] "POST /user_account HTTP/1.1" 302 54 "http://localhost:3000/user_account" "Mozilla/5.0 (Macintosh; Intel Mac OS X 10_14_2) AppleWebKit/537.36 (KHTML, like Gecko) Chrome/71.0.3578.98 Safari/537.36"
::1 - - [07/Feb/2019:20:29:09 +0000] "GET /home HTTP/1.1" 304 - "http://localhost:3000/user_account" "Mozilla/5.0 (Macintosh; Intel Mac OS X 10_14_2) AppleWebKit/537.36 (KHTML, like Gecko) Chrome/71.0.3578.98 Safari/537.36"
::1 - - [07/Feb/2019:20:29:11 +0000] "GET /user_account HTTP/1.1" 200 782 "http://localhost:3000/home" "Mozilla/5.0 (Macintosh; Intel Mac OS X 10_14_2) AppleWebKit/537.36 (KHTML, like Gecko) Chrome/71.0.3578.98 Safari/537.36"
::1 - - [07/Feb/2019:20:30:00 +0000] "GET /edit_profile HTTP/1.1" 304 - "http://localhost:3000/user_account" "Mozilla/5.0 (Macintosh; Intel Mac OS X 10_14_2) AppleWebKit/537.36 (KHTML, like Gecko) Chrome/71.0.3578.98 Safari/537.36"
::1 - - [07/Feb/2019:20:30:21 +0000] "GET /home HTTP/1.1" 304 - "http://localhost:3000/edit_profile" "Mozilla/5.0 (Macintosh; Intel Mac OS X 10_14_2) AppleWebKit/537.36 (KHTML, like Gecko) Chrome/71.0.3578.98 Safari/537.36"
::1 - - [07/Feb/2019:20:39:58 +0000] "GET /login HTTP/1.1" 200 516 "http://localhost:3000/home" "Mozilla/5.0 (Macintosh; Intel Mac OS X 10_14_2) AppleWebKit/537.36 (KHTML, like Gecko) Chrome/71.0.3578.98 Safari/537.36"
::1 - - [07/Feb/2019:20:40:04 +0000] "GET /user_account HTTP/1.1" 304 - "http://localhost:3000/login" "Mozilla/5.0 (Macintosh; Intel Mac OS X 10_14_2) AppleWebKit/537.36 (KHTML, like Gecko) Chrome/71.0.3578.98 Safari/537.36"
::1 - - [07/Feb/2019:20:40:05 +0000] "GET /edit_profile HTTP/1.1" 304 - "http://localhost:3000/user_account" "Mozilla/5.0 (Macintosh; Intel Mac OS X 10_14_2) AppleWebKit/537.36 (KHTML, like Gecko) Chrome/71.0.3578.98 Safari/537.36"
::1 - - [07/Feb/2019:20:40:53 +0000] "POST /edit_profile HTTP/1.1" - - "http://localhost:3000/edit_profile" "Mozilla/5.0 (Macintosh; Intel Mac OS X 10_14_2) AppleWebKit/537.36 (KHTML, like Gecko) Chrome/71.0.3578.98 Safari/537.36"
::1 - - [07/Feb/2019:20:40:57 +0000] "POST /edit_profile HTTP/1.1" 302 70 "http://localhost:3000/edit_profile" "Mozilla/5.0 (Macintosh; Intel Mac OS X 10_14_2) AppleWebKit/537.36 (KHTML, like Gecko) Chrome/71.0.3578.98 Safari/537.36"
::1 - - [07/Feb/2019:20:40:57 +0000] "GET /user_account HTTP/1.1" 200 782 "http://localhost:3000/edit_profile" "Mozilla/5.0 (Macintosh; Intel Mac OS X 10_14_2) AppleWebKit/537.36 (KHTML, like Gecko) Chrome/71.0.3578.98 Safari/537.36"
::1 - - [07/Feb/2019:20:41:03 +0000] "GET /edit_profile HTTP/1.1" 200 939 "http://localhost:3000/user_account" "Mozilla/5.0 (Macintosh; Intel Mac OS X 10_14_2) AppleWebKit/537.36 (KHTML, like Gecko) Chrome/71.0.3578.98 Safari/537.36"
::1 - - [07/Feb/2019:20:41:06 +0000] "POST /edit_profile HTTP/1.1" 302 70 "http://localhost:3000/edit_profile" "Mozilla/5.0 (Macintosh; Intel Mac OS X 10_14_2) AppleWebKit/537.36 (KHTML, like Gecko) Chrome/71.0.3578.98 Safari/537.36"
::1 - - [07/Feb/2019:20:41:06 +0000] "GET /user_account HTTP/1.1" 200 787 "http://localhost:3000/edit_profile" "Mozilla/5.0 (Macintosh; Intel Mac OS X 10_14_2) AppleWebKit/537.36 (KHTML, like Gecko) Chrome/71.0.3578.98 Safari/537.36"
::1 - - [07/Feb/2019:20:41:09 +0000] "GET /edit_profile HTTP/1.1" 200 939 "http://localhost:3000/user_account" "Mozilla/5.0 (Macintosh; Intel Mac OS X 10_14_2) AppleWebKit/537.36 (KHTML, like Gecko) Chrome/71.0.3578.98 Safari/537.36"
::1 - - [07/Feb/2019:20:41:13 +0000] "POST /edit_profile HTTP/1.1" 200 23 "http://localhost:3000/edit_profile" "Mozilla/5.0 (Macintosh; Intel Mac OS X 10_14_2) AppleWebKit/537.36 (KHTML, like Gecko) Chrome/71.0.3578.98 Safari/537.36"
::1 - - [07/Feb/2019:20:41:31 +0000] "GET /edit_profile HTTP/1.1" 200 939 "http://localhost:3000/user_account" "Mozilla/5.0 (Macintosh; Intel Mac OS X 10_14_2) AppleWebKit/537.36 (KHTML, like Gecko) Chrome/71.0.3578.98 Safari/537.36"
::1 - - [07/Feb/2019:20:42:09 +0000] "POST /edit_profile HTTP/1.1" 200 23 "http://localhost:3000/edit_profile" "Mozilla/5.0 (Macintosh; Intel Mac OS X 10_14_2) AppleWebKit/537.36 (KHTML, like Gecko) Chrome/71.0.3578.98 Safari/537.36"
::1 - - [07/Feb/2019:20:42:18 +0000] "GET /edit_profile HTTP/1.1" 200 939 "http://localhost:3000/user_account" "Mozilla/5.0 (Macintosh; Intel Mac OS X 10_14_2) AppleWebKit/537.36 (KHTML, like Gecko) Chrome/71.0.3578.98 Safari/537.36"
::1 - - [07/Feb/2019:20:42:54 +0000] "POST /edit_profile HTTP/1.1" 200 23 "http://localhost:3000/edit_profile" "Mozilla/5.0 (Macintosh; Intel Mac OS X 10_14_2) AppleWebKit/537.36 (KHTML, like Gecko) Chrome/71.0.3578.98 Safari/537.36"
::1 - - [07/Feb/2019:20:43:12 +0000] "GET /edit_profile HTTP/1.1" 200 939 "http://localhost:3000/user_account" "Mozilla/5.0 (Macintosh; Intel Mac OS X 10_14_2) AppleWebKit/537.36 (KHTML, like Gecko) Chrome/71.0.3578.98 Safari/537.36"
